                         Project -- Build Report

Project Path : E:\workspace\WPI\Nuvoton\Oscar-Numaker\SampleCode\AudioCodec\Oscar-NuLiteEx\AudioRes\AudioRes.wba
Built time : 2015/11/23 PM 05:03
===============================================================================

-------------------------------------------------------------------------------
  Command indexes definition information
-------------------------------------------------------------------------------
Command indexes are defined in F:\
--> Line number is : 0
--> Max. index number is : -01

-------------------------------------------------------------------------------
  Instruments/Events defined in audio files, by file
-------------------------------------------------------------------------------
-------------------------------------------------------------------------------
  Event(s) defined in audio files, by Event
-------------------------------------------------------------------------------
-------------------------------------------------------------------------------
  Instrument(s) defined in audio files, by Instrument
-------------------------------------------------------------------------------
-------------------------------------------------------------------------------
  Drum(s) defined in audio files, by Drum
-------------------------------------------------------------------------------
-------------------------------------------------------------------------------
  Audio files/equations defined in source files
-------------------------------------------------------------------------------
In E:\workspace\WPI\Nuvoton\Oscar-Numaker\SampleCode\AudioCodec\Oscar-NuLiteEx\AudioRes\WAVTable_Middle.idt :
--> Audio Files:
    E:\workspace\WPI\Nuvoton\Oscar-Numaker\AudioRes\Instrument\WB_000_GrandPiano_C7_M.WAX
    E:\workspace\WPI\Nuvoton\Oscar-Numaker\AudioRes\Instrument\WB_000_GrandPiano_Db6_M.WAX
    E:\workspace\WPI\Nuvoton\Oscar-Numaker\AudioRes\Instrument\WB_000_GrandPiano_E5_M.WAX


